12/02/2020 23:32:35	This log contains information about the import schema operation into project 'Dispensa.database' on computer 'TT004' by user 'user'.
12/02/2020 23:32:35	Import of database schema has started.
12/02/2020 23:32:41	Gathering database credentials
12/02/2020 23:32:41	Gathering database options
12/02/2020 23:32:41	Gathering generic database scoped configuration option
12/02/2020 23:32:41	Gathering users
12/02/2020 23:32:41	Gathering roles
12/02/2020 23:32:41	Gathering application roles
12/02/2020 23:32:41	Gathering role memberships
12/02/2020 23:32:41	Gathering filegroups
12/02/2020 23:32:41	Gathering full-text catalogs
12/02/2020 23:32:41	Gathering assemblies
12/02/2020 23:32:41	Gathering certificates
12/02/2020 23:32:41	Gathering asymmetric keys
12/02/2020 23:32:41	Gathering symmetric keys
12/02/2020 23:32:41	Gathering encrypted symmetric keys
12/02/2020 23:32:41	Gathering schemas
12/02/2020 23:32:41	Gathering XML schema collections
12/02/2020 23:32:41	Gathering user-defined data types
12/02/2020 23:32:41	Gathering user-defined types
12/02/2020 23:32:41	Gathering table types
12/02/2020 23:32:41	Gathering unique keys for table types
12/02/2020 23:32:41	Gathering primary keys for table types
12/02/2020 23:32:41	Gathering indexes for table types
12/02/2020 23:32:41	Gathering check constraints for table types
12/02/2020 23:32:41	Gathering default constraints for table types
12/02/2020 23:32:41	Gathering partition functions
12/02/2020 23:32:41	Gathering partition schemes
12/02/2020 23:32:41	Gathering functions
12/02/2020 23:32:41	Gathering encrypted functions
12/02/2020 23:32:41	Gathering aggregates
12/02/2020 23:32:41	Gathering procedures
12/02/2020 23:32:41	Gathering encrypted procedures
12/02/2020 23:32:41	Gathering tables
12/02/2020 23:32:41	Gathering primary keys
12/02/2020 23:32:41	Gathering unique constraints
12/02/2020 23:32:41	Gathering foreign keys
12/02/2020 23:32:41	Gathering default constraints
12/02/2020 23:32:41	Gathering check constraints
12/02/2020 23:32:41	Gathering views
12/02/2020 23:32:41	Gathering encrypted views
12/02/2020 23:32:41	Gathering indexes
12/02/2020 23:32:41	Gathering statistics
12/02/2020 23:32:41	Gathering full-text index stoplists
12/02/2020 23:32:41	Gathering search property lists
12/02/2020 23:32:41	Gathering search properties
12/02/2020 23:32:41	Gathering full-text indexes
12/02/2020 23:32:41	Gathering column store indexes
12/02/2020 23:32:41	Gathering spatial indexes
12/02/2020 23:32:41	Gathering XML indexes
12/02/2020 23:32:41	Gathering Selective XML indexes
12/02/2020 23:32:41	Gathering encrypted triggers
12/02/2020 23:32:41	Gathering triggers
12/02/2020 23:32:41	Gathering encrypted and clr ddl triggers
12/02/2020 23:32:41	Gathering ddl triggers
12/02/2020 23:32:41	Creating edge constraints
12/02/2020 23:32:41	Gathering synonyms
12/02/2020 23:32:41	Gathering defaults
12/02/2020 23:32:41	Gathering data constraint uddt bindings
12/02/2020 23:32:41	Gathering rules
12/02/2020 23:32:41	Gathering data constraint uddt bindings
12/02/2020 23:32:41	Gathering message types
12/02/2020 23:32:41	Gathering queues
12/02/2020 23:32:41	Gathering contracts
12/02/2020 23:32:41	Gathering services
12/02/2020 23:32:41	Gathering event notifications
12/02/2020 23:32:41	Gathering remote service bindings
12/02/2020 23:32:41	Gathering broker priorities
12/02/2020 23:32:41	Gathering signatures
12/02/2020 23:32:41	Gathering data compression options
12/02/2020 23:32:41	Gathering sequence types
12/02/2020 23:32:41	Gathering security policies
12/02/2020 23:32:41	Gather column encryption keys
12/02/2020 23:32:41	Gathering column master keys
12/02/2020 23:32:41	Gathering external data sources
12/02/2020 23:32:41	Gathering external file formats
12/02/2020 23:32:41	Gathering external tables
12/02/2020 23:32:41	Gathering extended properties
12/02/2020 23:32:41	Gathering credentials
12/02/2020 23:32:41	Gathering logins
12/02/2020 23:32:41	Gathering server audits
12/02/2020 23:32:41	Scanning project for duplicate elements
12/02/2020 23:32:42	Finished duplicate element processing
12/02/2020 23:32:42	Finished importing database.
12/02/2020 23:32:42	A summary of the import was saved to the following location: C:\Users\user\source\repos\Dispensa\Dispensa.database\Import Schema Logs\Dispensa.database_20200212113235.log
12/02/2020 23:32:42	Click Finish to continue...
